*** SESSION Sep 28, 2012 14:58:11.63 -------------------------------------------
*** SESSION Oct 12, 2012 18:53:46.40 -------------------------------------------
*** SESSION Oct 13, 2012 10:36:12.50 -------------------------------------------
*** SESSION Oct 26, 2012 17:08:52.90 -------------------------------------------
*** SESSION Oct 26, 2012 17:42:30.36 -------------------------------------------
*** SESSION Oct 26, 2012 20:38:24.77 -------------------------------------------
*** SESSION Nov 15, 2012 16:10:44.10 -------------------------------------------
*** SESSION Nov 16, 2012 17:31:00.57 -------------------------------------------
*** SESSION Nov 17, 2012 10:57:44.91 -------------------------------------------
*** SESSION Nov 17, 2012 21:57:41.16 -------------------------------------------
*** SESSION Nov 19, 2012 09:42:53.07 -------------------------------------------
*** SESSION Nov 27, 2012 10:28:38.69 -------------------------------------------
*** SESSION Nov 28, 2012 10:00:44.89 -------------------------------------------
*** SESSION Nov 30, 2012 17:44:30.37 -------------------------------------------
*** SESSION Dec 01, 2012 11:02:33.15 -------------------------------------------
*** SESSION Dec 05, 2012 10:05:06.34 -------------------------------------------
*** SESSION Dec 05, 2012 14:44:41.12 -------------------------------------------
*** SESSION Dec 06, 2012 20:57:02.80 -------------------------------------------
*** SESSION Dec 09, 2012 23:06:39.06 -------------------------------------------
*** SESSION Dec 10, 2012 09:42:21.38 -------------------------------------------
*** SESSION Dec 10, 2012 16:41:00.54 -------------------------------------------
*** SESSION Dec 12, 2012 10:04:38.06 -------------------------------------------
*** SESSION Dec 12, 2012 10:19:40.95 -------------------------------------------
*** SESSION Dec 12, 2012 10:29:30.76 -------------------------------------------
*** SESSION Dec 21, 2012 13:58:46.37 -------------------------------------------
*** SESSION Dec 21, 2012 22:31:38.07 -------------------------------------------
*** SESSION Dec 24, 2012 11:50:23.84 -------------------------------------------
*** SESSION Dec 24, 2012 21:09:21.78 -------------------------------------------
*** SESSION Dec 24, 2012 21:47:16.67 -------------------------------------------
*** SESSION Dec 24, 2012 22:04:47.09 -------------------------------------------
*** SESSION Dec 26, 2012 16:19:13.22 -------------------------------------------
*** SESSION Dec 27, 2012 11:57:29.62 -------------------------------------------
*** SESSION Dec 27, 2012 17:22:22.90 -------------------------------------------
*** SESSION Dec 29, 2012 10:21:50.29 -------------------------------------------
*** SESSION Dec 29, 2012 21:01:51.59 -------------------------------------------
*** SESSION Jan 02, 2013 16:16:27.22 -------------------------------------------
*** SESSION Jan 03, 2013 14:29:12.00 -------------------------------------------
*** SESSION Jan 03, 2013 22:02:05.79 -------------------------------------------
*** SESSION Jan 04, 2013 12:29:56.01 -------------------------------------------
*** SESSION Jan 08, 2013 11:07:37.42 -------------------------------------------
*** SESSION Jan 08, 2013 22:19:12.41 -------------------------------------------
*** SESSION Jan 09, 2013 11:22:18.48 -------------------------------------------
*** SESSION Jan 09, 2013 14:38:08.10 -------------------------------------------
*** SESSION Jan 09, 2013 21:04:55.10 -------------------------------------------
*** SESSION Jan 10, 2013 11:19:56.66 -------------------------------------------
*** SESSION Jan 10, 2013 22:04:18.96 -------------------------------------------
*** SESSION Jan 11, 2013 12:52:03.24 -------------------------------------------
*** SESSION Jan 14, 2013 13:29:15.91 -------------------------------------------
*** SESSION Jan 15, 2013 15:15:35.71 -------------------------------------------
*** SESSION Jan 15, 2013 21:58:53.77 -------------------------------------------
*** SESSION Jan 16, 2013 11:31:22.98 -------------------------------------------
*** SESSION Jan 17, 2013 11:30:05.73 -------------------------------------------
*** SESSION Jan 18, 2013 15:44:09.55 -------------------------------------------
*** SESSION Jan 18, 2013 21:06:35.58 -------------------------------------------
*** SESSION Jan 19, 2013 20:03:16.87 -------------------------------------------
*** SESSION Jan 22, 2013 19:48:13.89 -------------------------------------------
*** SESSION Jan 22, 2013 22:15:25.18 -------------------------------------------
*** SESSION Jan 24, 2013 21:24:16.63 -------------------------------------------
*** SESSION Jan 25, 2013 12:33:55.04 -------------------------------------------
*** SESSION Jan 25, 2013 17:59:14.42 -------------------------------------------
*** SESSION Jan 26, 2013 17:17:11.14 -------------------------------------------
*** SESSION Jan 26, 2013 18:40:20.24 -------------------------------------------
*** SESSION Jan 26, 2013 18:47:29.27 -------------------------------------------
*** SESSION Jan 26, 2013 18:56:46.16 -------------------------------------------
*** SESSION Jan 27, 2013 12:16:07.46 -------------------------------------------
*** SESSION Jan 27, 2013 12:21:05.62 -------------------------------------------
*** SESSION Jan 27, 2013 12:23:07.82 -------------------------------------------
*** SESSION Feb 01, 2013 18:00:11.39 -------------------------------------------
*** SESSION Feb 02, 2013 15:45:32.74 -------------------------------------------
*** SESSION Feb 02, 2013 16:14:23.22 -------------------------------------------
*** SESSION Feb 08, 2013 12:37:40.48 -------------------------------------------
*** SESSION Feb 15, 2013 12:42:54.95 -------------------------------------------
